<?xml version="1.0" encoding="UTF-8"?>
<!-- Generated by org.testng.reporters.JUnitReportReporter -->
<testsuite hostname="DESKTOP-RV92QIE" failures="0" tests="1" name="testCases.TC08_ForgotPassword" time="4.853" errors="0" timestamp="2025-08-30T20:53:57 IST" skipped="0">
  <testcase classname="testCases.TC08_ForgotPassword" name="forgotPasswordwithRegisterEmail" time="4.853"/>
</testsuite> <!-- testCases.TC08_ForgotPassword -->
