<?xml version="1.0" encoding="UTF-8"?>
<!-- Generated by org.testng.reporters.JUnitReportReporter -->
<testsuite hostname="DESKTOP-RV92QIE" failures="0" tests="1" name="testCases.TC01_AccountRegister" time="81.410" errors="0" timestamp="2025-08-30T20:53:57 IST" skipped="0">
  <testcase classname="testCases.TC01_AccountRegister" name="register" time="81.410"/>
</testsuite> <!-- testCases.TC01_AccountRegister -->
