<?xml version="1.0" encoding="UTF-8"?>
<!-- Generated by org.testng.reporters.JUnitReportReporter -->
<testsuite hostname="DESKTOP-RV92QIE" failures="0" tests="3" name="testCases.TC04_HomePageUI" time="0.229" errors="0" timestamp="2025-08-30T20:53:57 IST" skipped="0">
  <testcase classname="testCases.TC04_HomePageUI" name="isLogoDisplayed" time="0.065"/>
  <testcase classname="testCases.TC04_HomePageUI" name="HeaderShown" time="0.081"/>
  <testcase classname="testCases.TC04_HomePageUI" name="informationSitemapShown" time="0.083"/>
</testsuite> <!-- testCases.TC04_HomePageUI -->
