<?xml version="1.0" encoding="UTF-8"?>
<!-- Generated by org.testng.reporters.JUnitReportReporter -->
<testsuite hostname="DESKTOP-RV92QIE" failures="0" tests="3" name="testCases.TC03_AccountLoginMultipleLoginData" time="8.778" errors="0" timestamp="2025-08-30T20:53:57 IST" skipped="0">
  <testcase classname="testCases.TC03_AccountLoginMultipleLoginData" name="Login" time="2.111"/>
  <testcase classname="testCases.TC03_AccountLoginMultipleLoginData" name="Login" time="2.927"/>
  <testcase classname="testCases.TC03_AccountLoginMultipleLoginData" name="Login" time="3.740"/>
</testsuite> <!-- testCases.TC03_AccountLoginMultipleLoginData -->
