<?xml version="1.0" encoding="UTF-8"?>
<!-- Generated by org.testng.reporters.JUnitReportReporter -->
<testsuite hostname="DESKTOP-RV92QIE" failures="0" tests="1" name="testCases.TC02_AccountLogin" time="11.993" errors="0" timestamp="2025-08-30T15:43:01 IST" skipped="0">
  <testcase classname="testCases.TC02_AccountLogin" name="Login" time="11.993"/>
</testsuite> <!-- testCases.TC02_AccountLogin -->
