<?xml version="1.0" encoding="UTF-8"?>
<!-- Generated by org.testng.reporters.JUnitReportReporter -->
<testsuite hostname="DESKTOP-RV92QIE" failures="0" tests="1" name="testCases.TC05_AddProductToCart" time="144.515" errors="0" timestamp="2025-08-30T15:43:01 IST" skipped="0">
  <testcase classname="testCases.TC05_AddProductToCart" name="addProcuctToCart" time="144.515"/>
</testsuite> <!-- testCases.TC05_AddProductToCart -->
