<?xml version="1.0" encoding="UTF-8"?>
<!-- Generated by org.testng.reporters.JUnitReportReporter -->
<testsuite hostname="DESKTOP-RV92QIE" failures="0" tests="3" name="testCases.TC04_HomePageUI" time="0.199" errors="0" timestamp="2025-08-30T15:43:01 IST" skipped="0">
  <testcase classname="testCases.TC04_HomePageUI" name="HeaderShown" time="0.102"/>
  <testcase classname="testCases.TC04_HomePageUI" name="isLogoDisplayed" time="0.060"/>
  <testcase classname="testCases.TC04_HomePageUI" name="informationSitemapShown" time="0.037"/>
</testsuite> <!-- testCases.TC04_HomePageUI -->
