<?xml version="1.0" encoding="UTF-8"?>
<!-- Generated by org.testng.reporters.JUnitReportReporter -->
<testsuite hostname="DESKTOP-RV92QIE" failures="0" tests="3" name="testCases.TC03_AccountLoginMultipleLoginData" time="15.343" errors="0" timestamp="2025-08-30T15:43:01 IST" skipped="0">
  <testcase classname="testCases.TC03_AccountLoginMultipleLoginData" name="Login" time="6.649"/>
  <testcase classname="testCases.TC03_AccountLoginMultipleLoginData" name="Login" time="2.798"/>
  <testcase classname="testCases.TC03_AccountLoginMultipleLoginData" name="Login" time="5.896"/>
</testsuite> <!-- testCases.TC03_AccountLoginMultipleLoginData -->
