<?xml version="1.0" encoding="UTF-8"?>
<!-- Generated by org.testng.reporters.JUnitReportReporter -->
<testsuite hostname="DESKTOP-RV92QIE" failures="0" tests="1" name="testCases.TC06_RemoveFromCart" time="21.055" errors="0" timestamp="2025-08-30T16:11:19 IST" skipped="0">
  <testcase classname="testCases.TC06_RemoveFromCart" name="RemoveProduct" time="21.055"/>
</testsuite> <!-- testCases.TC06_RemoveFromCart -->
