<?xml version="1.0" encoding="UTF-8"?>
<!-- Generated by org.testng.reporters.JUnitReportReporter -->
<testsuite hostname="DESKTOP-RV92QIE" failures="0" tests="1" name="testCases.TC05_AddProductToCart" time="16.403" errors="0" timestamp="2025-08-30T16:11:19 IST" skipped="0">
  <testcase classname="testCases.TC05_AddProductToCart" name="addProcuctToCart" time="16.403"/>
</testsuite> <!-- testCases.TC05_AddProductToCart -->
