<?xml version="1.0" encoding="UTF-8"?>
<!-- Generated by org.testng.reporters.JUnitReportReporter -->
<testsuite hostname="DESKTOP-RV92QIE" failures="0" tests="3" name="testCases.TC03_AccountLoginMultipleLoginData" time="18.657" errors="0" timestamp="2025-08-30T16:11:19 IST" skipped="0">
  <testcase classname="testCases.TC03_AccountLoginMultipleLoginData" name="Login" time="3.221"/>
  <testcase classname="testCases.TC03_AccountLoginMultipleLoginData" name="Login" time="5.815"/>
  <testcase classname="testCases.TC03_AccountLoginMultipleLoginData" name="Login" time="9.621"/>
</testsuite> <!-- testCases.TC03_AccountLoginMultipleLoginData -->
