<?xml version="1.0" encoding="UTF-8"?>
<!-- Generated by org.testng.reporters.JUnitReportReporter -->
<testsuite hostname="DESKTOP-RV92QIE" failures="0" tests="3" name="testCases.TC04_HomePageUI" time="0.271" errors="0" timestamp="2025-08-29T13:36:26 IST" skipped="0">
  <testcase classname="testCases.TC04_HomePageUI" name="isLogoDisplayed" time="0.053"/>
  <testcase classname="testCases.TC04_HomePageUI" name="informationSitemapShown" time="0.040"/>
  <testcase classname="testCases.TC04_HomePageUI" name="HeaderShown" time="0.178"/>
</testsuite> <!-- testCases.TC04_HomePageUI -->
