<?xml version="1.0" encoding="UTF-8"?>
<!-- Generated by org.testng.reporters.JUnitReportReporter -->
<testsuite hostname="DESKTOP-RV92QIE" failures="0" tests="1" name="testCases.TC01_AccountRegister" time="13.406" errors="0" timestamp="2025-08-30T16:11:19 IST" skipped="0">
  <testcase classname="testCases.TC01_AccountRegister" name="register" time="13.406"/>
</testsuite> <!-- testCases.TC01_AccountRegister -->
