<?xml version="1.0" encoding="UTF-8"?>
<!-- Generated by org.testng.reporters.JUnitReportReporter -->
<testsuite hostname="DESKTOP-RV92QIE" failures="0" tests="1" name="testCases.TC02_AccountLogin" time="12.844" errors="0" timestamp="2025-08-29T13:36:26 IST" skipped="0">
  <testcase classname="testCases.TC02_AccountLogin" name="Login" time="12.844"/>
</testsuite> <!-- testCases.TC02_AccountLogin -->
