<?xml version="1.0" encoding="UTF-8"?>
<!-- Generated by org.testng.reporters.JUnitReportReporter -->
<testsuite hostname="DESKTOP-RV92QIE" failures="0" tests="3" name="testCases.TC03_AccountLoginMultipleLoginData" time="8.946" errors="0" timestamp="2025-08-30T20:56:09 IST" skipped="0">
  <testcase classname="testCases.TC03_AccountLoginMultipleLoginData" name="Login" time="1.733"/>
  <testcase classname="testCases.TC03_AccountLoginMultipleLoginData" name="Login" time="2.849"/>
  <testcase classname="testCases.TC03_AccountLoginMultipleLoginData" name="Login" time="4.364"/>
</testsuite> <!-- testCases.TC03_AccountLoginMultipleLoginData -->
