<?xml version="1.0" encoding="UTF-8"?>
<!-- Generated by org.testng.reporters.JUnitReportReporter -->
<testsuite hostname="DESKTOP-RV92QIE" failures="0" tests="3" name="testCases.TC03_AccountLoginMultipleLoginData" time="58.349" errors="0" timestamp="2025-08-29T13:36:26 IST" skipped="0">
  <testcase classname="testCases.TC03_AccountLoginMultipleLoginData" name="Login" time="22.270"/>
  <testcase classname="testCases.TC03_AccountLoginMultipleLoginData" name="Login" time="30.941"/>
  <testcase classname="testCases.TC03_AccountLoginMultipleLoginData" name="Login" time="5.138"/>
</testsuite> <!-- testCases.TC03_AccountLoginMultipleLoginData -->
